0 info it worked if it ends with ok
1 verbose cli [ '/Users/aono_taketoshi/.nodebrew/node/v0.11.11/bin/node',
1 verbose cli   '/Users/aono_taketoshi/.nodebrew/current/bin/npm',
1 verbose cli   'unpublish',
1 verbose cli   'closure-deps-resolver@0.1.8' ]
2 info using npm@1.3.25
3 info using node@v0.11.11
4 verbose registry.get closure-deps-resolver staleOk, background update
5 verbose url raw closure-deps-resolver
6 verbose url resolving [ 'https://registry.npmjs.org/', './closure-deps-resolver' ]
7 verbose url resolved https://registry.npmjs.org/closure-deps-resolver
8 info trying registry request attempt 1 at 15:50:06
9 verbose etag "1ICTUKSDYYAKOKUM3OLCHAVGL"
10 http GET https://registry.npmjs.org/closure-deps-resolver
11 verbose unpublish removing attachments { shasum: '17a4b0c5acf0fb91bcb8a03f929b5b988ea009f0',
11 verbose unpublish   tarball: 'http://registry.npmjs.org/closure-deps-resolver/-/closure-deps-resolver-0.1.8.tgz' }
12 verbose url raw closure-deps-resolver/-rev/60-97aa23e363a00832d19b30d879829d86
13 verbose url resolving [ 'https://registry.npmjs.org/',
13 verbose url resolving   './closure-deps-resolver/-rev/60-97aa23e363a00832d19b30d879829d86' ]
14 verbose url resolved https://registry.npmjs.org/closure-deps-resolver/-rev/60-97aa23e363a00832d19b30d879829d86
15 info trying registry request attempt 1 at 15:50:06
16 http PUT https://registry.npmjs.org/closure-deps-resolver/-rev/60-97aa23e363a00832d19b30d879829d86
17 http 304 https://registry.npmjs.org/closure-deps-resolver
18 silly registry.get cb [ 304,
18 silly registry.get   { date: 'Mon, 03 Mar 2014 06:50:06 GMT',
18 silly registry.get     server: 'Apache',
18 silly registry.get     connection: 'close',
18 silly registry.get     etag: '"1ICTUKSDYYAKOKUM3OLCHAVGL"',
18 silly registry.get     'cache-control': 'max-age=1',
18 silly registry.get     vary: 'Accept' } ]
19 verbose etag closure-deps-resolver from cache
20 http 201 https://registry.npmjs.org/closure-deps-resolver/-rev/60-97aa23e363a00832d19b30d879829d86
21 verbose url raw closure-deps-resolver
22 verbose url resolving [ 'https://registry.npmjs.org/', './closure-deps-resolver' ]
23 verbose url resolved https://registry.npmjs.org/closure-deps-resolver
24 info trying registry request attempt 1 at 15:50:07
25 http GET https://registry.npmjs.org/closure-deps-resolver
26 http 200 https://registry.npmjs.org/closure-deps-resolver
27 silly registry.get cb [ 200,
27 silly registry.get   { date: 'Mon, 03 Mar 2014 06:50:07 GMT',
27 silly registry.get     server: 'CouchDB/1.5.0 (Erlang OTP/R16B)',
27 silly registry.get     etag: '"1ICTUKSDYYAKOKUM3OLCHAVGL"',
27 silly registry.get     'content-type': 'application/json',
27 silly registry.get     via: '1.1 varnish, 1.1 varnish',
27 silly registry.get     'cache-control': 'max-age=1',
27 silly registry.get     'content-length': '3041',
27 silly registry.get     'accept-ranges': 'bytes',
27 silly registry.get     age: '1',
27 silly registry.get     'x-served-by': 'cache-v41-ASH, cache-ty66-TYO',
27 silly registry.get     'x-cache': 'MISS, HIT',
27 silly registry.get     'x-cache-hits': '0, 1',
27 silly registry.get     'x-timer': 'S1393829407.092907667,VS0,VE0',
27 silly registry.get     vary: 'Accept',
27 silly registry.get     connection: 'close' } ]
28 info detach /closure-deps-resolver/-/closure-deps-resolver-0.1.8.tgz/-rev/60-97aa23e363a00832d19b30d879829d86
29 verbose url raw /closure-deps-resolver/-/closure-deps-resolver-0.1.8.tgz/-rev/60-97aa23e363a00832d19b30d879829d86
30 verbose url resolving [ 'https://registry.npmjs.org/',
30 verbose url resolving   './closure-deps-resolver/-/closure-deps-resolver-0.1.8.tgz/-rev/60-97aa23e363a00832d19b30d879829d86' ]
31 verbose url resolved https://registry.npmjs.org/closure-deps-resolver/-/closure-deps-resolver-0.1.8.tgz/-rev/60-97aa23e363a00832d19b30d879829d86
32 info trying registry request attempt 1 at 15:50:07
33 http DELETE https://registry.npmjs.org/closure-deps-resolver/-/closure-deps-resolver-0.1.8.tgz/-rev/60-97aa23e363a00832d19b30d879829d86
34 http 409 https://registry.npmjs.org/closure-deps-resolver/-/closure-deps-resolver-0.1.8.tgz/-rev/60-97aa23e363a00832d19b30d879829d86
35 error Error: conflict Document update conflict.: closure-deps-resolver/-/closure-deps-resolver-0.1.8.tgz/-rev/60-97aa23e363a00832d19b30d879829d86
35 error     at RegClient.<anonymous> (/Users/aono_taketoshi/.nodebrew/node/v0.11.11/lib/node_modules/npm/node_modules/npm-registry-client/lib/request.js:275:14)
35 error     at Request.self.callback (/Users/aono_taketoshi/.nodebrew/node/v0.11.11/lib/node_modules/npm/node_modules/request/request.js:123:22)
35 error     at Request.EventEmitter.emit (events.js:107:17)
35 error     at Request.<anonymous> (/Users/aono_taketoshi/.nodebrew/node/v0.11.11/lib/node_modules/npm/node_modules/request/request.js:893:14)
35 error     at Request.EventEmitter.emit (events.js:126:20)
35 error     at IncomingMessage.<anonymous> (/Users/aono_taketoshi/.nodebrew/node/v0.11.11/lib/node_modules/npm/node_modules/request/request.js:844:12)
35 error     at IncomingMessage.EventEmitter.emit (events.js:126:20)
35 error     at _stream_readable.js:896:16
35 error     at process._tickCallback (node.js:664:11)
36 error If you need help, you may report this *entire* log,
36 error including the npm and node versions, at:
36 error     <http://github.com/isaacs/npm/issues>
37 error System Darwin 13.1.0
38 error command "/Users/aono_taketoshi/.nodebrew/node/v0.11.11/bin/node" "/Users/aono_taketoshi/.nodebrew/current/bin/npm" "unpublish" "closure-deps-resolver@0.1.8"
39 error cwd /Users/aono_taketoshi/github/npm-modules/closure-deps-resolver
40 error node -v v0.11.11
41 error npm -v 1.3.25
42 verbose exit [ 1, true ]
